0 info it worked if it ends with ok
1 verbose cli [ '/home/james-tt/.nvm/versions/node/v0.12.4/bin/node',
1 verbose cli   '/home/james-tt/.nvm/versions/node/v0.12.4/bin/npm',
1 verbose cli   'install',
1 verbose cli   'node-ar-drone' ]
2 info using npm@2.10.1
3 info using node@v0.12.4
4 verbose install initial load of /home/james-tt/Desktop/MyFilterbankCode/ARDRONE/package.json
5 verbose installManyTop reading scoped package data from /home/james-tt/Desktop/MyFilterbankCode/ARDRONE/node_modules/ar-drone/package.json
6 info package.json ar-drone@0.3.3 No license field.
7 verbose readDependencies loading dependencies from /home/james-tt/Desktop/MyFilterbankCode/ARDRONE/package.json
8 silly cache add args [ 'node-ar-drone', null ]
9 verbose cache add spec node-ar-drone
10 silly cache add parsed spec { raw: 'node-ar-drone',
10 silly cache add   scope: null,
10 silly cache add   name: 'node-ar-drone',
10 silly cache add   rawSpec: '',
10 silly cache add   spec: '*',
10 silly cache add   type: 'range' }
11 silly addNamed node-ar-drone@*
12 verbose addNamed "*" is a valid semver range for node-ar-drone
13 silly addNameRange { name: 'node-ar-drone', range: '*', hasData: false }
14 silly mapToRegistry name node-ar-drone
15 silly mapToRegistry using default registry
16 silly mapToRegistry registry https://registry.npmjs.org/
17 silly mapToRegistry uri https://registry.npmjs.org/node-ar-drone
18 verbose addNameRange registry:https://registry.npmjs.org/node-ar-drone not in flight; fetching
19 verbose request uri https://registry.npmjs.org/node-ar-drone
20 verbose request no auth needed
21 info attempt registry request try #1 at 9:33:27 PM
22 verbose request id e6dbab0bbe8a533b
23 http request GET https://registry.npmjs.org/node-ar-drone
24 http 404 https://registry.npmjs.org/node-ar-drone
25 verbose headers { 'content-type': 'application/json',
25 verbose headers   'cache-control': 'max-age=0',
25 verbose headers   'content-length': '2',
25 verbose headers   'accept-ranges': 'bytes',
25 verbose headers   date: 'Sat, 24 Oct 2015 20:33:30 GMT',
25 verbose headers   via: '1.1 varnish',
25 verbose headers   age: '0',
25 verbose headers   connection: 'keep-alive',
25 verbose headers   'x-served-by': 'cache-lhr6329-LHR',
25 verbose headers   'x-cache': 'MISS',
25 verbose headers   'x-cache-hits': '0',
25 verbose headers   'x-timer': 'S1445718809.509114,VS0,VE669' }
26 silly get cb [ 404,
26 silly get   { 'content-type': 'application/json',
26 silly get     'cache-control': 'max-age=0',
26 silly get     'content-length': '2',
26 silly get     'accept-ranges': 'bytes',
26 silly get     date: 'Sat, 24 Oct 2015 20:33:30 GMT',
26 silly get     via: '1.1 varnish',
26 silly get     age: '0',
26 silly get     connection: 'keep-alive',
26 silly get     'x-served-by': 'cache-lhr6329-LHR',
26 silly get     'x-cache': 'MISS',
26 silly get     'x-cache-hits': '0',
26 silly get     'x-timer': 'S1445718809.509114,VS0,VE669' } ]
27 verbose stack Error: Registry returned 404 for GET on https://registry.npmjs.org/node-ar-drone
27 verbose stack     at CachingRegistryClient.<anonymous> (/home/james-tt/.nvm/versions/node/v0.12.4/lib/node_modules/npm/node_modules/npm-registry-client/lib/request.js:239:14)
27 verbose stack     at Request._callback (/home/james-tt/.nvm/versions/node/v0.12.4/lib/node_modules/npm/node_modules/npm-registry-client/lib/request.js:170:14)
27 verbose stack     at Request.self.callback (/home/james-tt/.nvm/versions/node/v0.12.4/lib/node_modules/npm/node_modules/request/request.js:368:22)
27 verbose stack     at Request.emit (events.js:110:17)
27 verbose stack     at Request.<anonymous> (/home/james-tt/.nvm/versions/node/v0.12.4/lib/node_modules/npm/node_modules/request/request.js:1219:14)
27 verbose stack     at Request.emit (events.js:129:20)
27 verbose stack     at IncomingMessage.<anonymous> (/home/james-tt/.nvm/versions/node/v0.12.4/lib/node_modules/npm/node_modules/request/request.js:1167:12)
27 verbose stack     at IncomingMessage.emit (events.js:129:20)
27 verbose stack     at _stream_readable.js:908:16
27 verbose stack     at process._tickCallback (node.js:355:11)
28 verbose statusCode 404
29 verbose pkgid node-ar-drone
30 verbose cwd /home/james-tt/Desktop/MyFilterbankCode/ARDRONE
31 error Linux 3.16.0-46-generic
32 error argv "/home/james-tt/.nvm/versions/node/v0.12.4/bin/node" "/home/james-tt/.nvm/versions/node/v0.12.4/bin/npm" "install" "node-ar-drone"
33 error node v0.12.4
34 error npm  v2.10.1
35 error code E404
36 error 404 Registry returned 404 for GET on https://registry.npmjs.org/node-ar-drone
36 error 404
36 error 404 'node-ar-drone' is not in the npm registry.
36 error 404 You should bug the author to publish it (or use the name yourself!)
36 error 404
36 error 404 Note that you can also install from a
36 error 404 tarball, folder, http url, or git url.
37 verbose exit [ 1, true ]
